{"check":{"id":"uwm5ui4f0tyh3ien3ktv","userphone":"12345678900","protocol":"https","url":"google.com","method":"get","successcodes":[200,201,301,302],"timeoutseconds":4,"state":"down","lastChecked":false},"outcome":{"error":false,"responseCode":301},"state":false,"alert":1611734082459}
{"check":{"id":"uwm5ui4f0tyh3ien3ktv","userphone":"12345678900","protocol":"https","url":"google.com","method":"get","successcodes":[200,201,301,302],"timeoutseconds":4,"state":"up","lastChecked":1611734082459},"outcome":{"error":false,"responseCode":301},"state":false,"alert":1611734142055}
{"check":{"id":"uwm5ui4f0tyh3ien3ktv","userphone":"12345678900","protocol":"https","url":"google.com","method":"get","successcodes":[200,201,301,302],"timeoutseconds":4,"state":"up","lastChecked":1611734142055},"outcome":{"error":false,"responseCode":301},"state":false,"alert":1611734202267}
{"check":{"id":"uwm5ui4f0tyh3ien3ktv","userphone":"12345678900","protocol":"https","url":"google.com","method":"get","successcodes":[200,201,301,302],"timeoutseconds":4,"state":"up","lastChecked":1611734202267},"outcome":{"error":false,"responseCode":301},"state":false,"alert":1611734262168}
{"check":{"id":"uwm5ui4f0tyh3ien3ktv","userphone":"12345678900","protocol":"https","url":"google.com","method":"get","successcodes":[200,201,301,302],"timeoutseconds":4,"state":"up","lastChecked":1611734262168},"outcome":{"error":false,"responseCode":301},"state":false,"alert":1611734322173}
{"check":{"id":"uwm5ui4f0tyh3ien3ktv","userphone":"12345678900","protocol":"https","url":"google.com","method":"get","successcodes":[200,201,301,302],"timeoutseconds":4,"state":"up","lastChecked":1611734322173},"outcome":{"error":false,"responseCode":301},"state":false,"alert":1611734382590}
{"check":{"id":"uwm5ui4f0tyh3ien3ktv","userphone":"12345678900","protocol":"https","url":"google.com","method":"get","successcodes":[200,201,301,302],"timeoutseconds":4,"state":"up","lastChecked":1611734382590},"outcome":{"error":false,"responseCode":301},"state":false,"alert":1611734442219}
{"check":{"id":"uwm5ui4f0tyh3ien3ktv","userphone":"12345678900","protocol":"https","url":"google.com","method":"get","successcodes":[200,201,301,302],"timeoutseconds":4,"state":"up","lastChecked":1611734442219},"outcome":{"error":false,"responseCode":301},"state":false,"alert":1611734502298}
{"check":{"id":"uwm5ui4f0tyh3ien3ktv","userphone":"12345678900","protocol":"https","url":"google.com","method":"get","successcodes":[200,201,301,302],"timeoutseconds":4,"state":"up","lastChecked":1611734502298},"outcome":{"error":false,"responseCode":301},"state":false,"alert":1611734562277}
{"check":{"id":"uwm5ui4f0tyh3ien3ktv","userphone":"12345678900","protocol":"https","url":"google.com","method":"get","successcodes":[200,201,301,302],"timeoutseconds":4,"state":"up","lastChecked":1611734562277},"outcome":{"error":false,"responseCode":301},"state":false,"alert":1611734622366}
{"check":{"id":"uwm5ui4f0tyh3ien3ktv","userphone":"12345678900","protocol":"https","url":"google.com","method":"get","successcodes":[200,201,301,302],"timeoutseconds":4,"state":"up","lastChecked":1611734622366},"outcome":{"error":false,"responseCode":301},"state":false,"alert":1611734682574}
{"check":{"id":"uwm5ui4f0tyh3ien3ktv","userphone":"12345678900","protocol":"https","url":"google.com","method":"get","successcodes":[200,201,301,302],"timeoutseconds":4,"state":"up","lastChecked":1611734682574},"outcome":{"error":false,"responseCode":301},"state":false,"alert":1611734742446}
{"check":{"id":"uwm5ui4f0tyh3ien3ktv","userphone":"12345678900","protocol":"https","url":"google.com","method":"get","successcodes":[200,201,301,302],"timeoutseconds":4,"state":"up","lastChecked":1611734742446},"outcome":{"error":false,"responseCode":301},"state":false,"alert":1611734802540}
{"check":{"id":"uwm5ui4f0tyh3ien3ktv","userphone":"12345678900","protocol":"https","url":"google.com","method":"get","successcodes":[200,201,301,302],"timeoutseconds":4,"state":"up","lastChecked":1611734802540},"outcome":{"error":false,"responseCode":301},"state":false,"alert":1611734862554}
{"check":{"id":"uwm5ui4f0tyh3ien3ktv","userphone":"12345678900","protocol":"https","url":"google.com","method":"get","successcodes":[200,201,301,302],"timeoutseconds":4,"state":"up","lastChecked":1611734862554},"outcome":{"error":false,"responseCode":301},"state":false,"alert":1611734922652}
{"check":{"id":"uwm5ui4f0tyh3ien3ktv","userphone":"12345678900","protocol":"https","url":"google.com","method":"get","successcodes":[200,201,301,302],"timeoutseconds":4,"state":"up","lastChecked":1611734922652},"outcome":{"error":false,"responseCode":301},"state":false,"alert":1611734982868}
{"check":{"id":"uwm5ui4f0tyh3ien3ktv","userphone":"12345678900","protocol":"https","url":"google.com","method":"get","successcodes":[200,201,301,302],"timeoutseconds":4,"state":"up","lastChecked":1611734982868},"outcome":{"error":false,"responseCode":301},"state":false,"alert":1611735042827}
{"check":{"id":"uwm5ui4f0tyh3ien3ktv","userphone":"12345678900","protocol":"https","url":"google.com","method":"get","successcodes":[200,201,301,302],"timeoutseconds":4,"state":"up","lastChecked":1611735042827},"outcome":{"error":false,"responseCode":301},"state":false,"alert":1611735102773}
{"check":{"id":"uwm5ui4f0tyh3ien3ktv","userphone":"12345678900","protocol":"https","url":"google.com","method":"get","successcodes":[200,201,301,302],"timeoutseconds":4,"state":"up","lastChecked":1611735102773},"outcome":{"error":false,"responseCode":301},"state":false,"alert":1611735162872}
{"check":{"id":"uwm5ui4f0tyh3ien3ktv","userphone":"12345678900","protocol":"https","url":"google.com","method":"get","successcodes":[200,201,301,302],"timeoutseconds":4,"state":"up","lastChecked":1611735162872},"outcome":{"error":false,"responseCode":301},"state":false,"alert":1611735223104}
{"check":{"id":"uwm5ui4f0tyh3ien3ktv","userphone":"12345678900","protocol":"https","url":"google.com","method":"get","successcodes":[200,201,301,302],"timeoutseconds":4,"state":"up","lastChecked":1611735223104},"outcome":{"error":false,"responseCode":301},"state":false,"alert":1611735282961}
{"check":{"id":"uwm5ui4f0tyh3ien3ktv","userphone":"12345678900","protocol":"https","url":"google.com","method":"get","successcodes":[200,201,301,302],"timeoutseconds":4,"state":"up","lastChecked":1611735282961},"outcome":{"error":false,"responseCode":301},"state":false,"alert":1611735343018}
{"check":{"id":"uwm5ui4f0tyh3ien3ktv","userphone":"12345678900","protocol":"https","url":"google.com","method":"get","successcodes":[200,201,301,302],"timeoutseconds":4,"state":"up","lastChecked":1611735343018},"outcome":{"error":false,"responseCode":301},"state":false,"alert":1611735403231}
{"check":{"id":"uwm5ui4f0tyh3ien3ktv","userphone":"12345678900","protocol":"https","url":"google.com","method":"get","successcodes":[200,201,301,302],"timeoutseconds":4,"state":"up","lastChecked":1611735403231},"outcome":{"error":false,"responseCode":301},"state":false,"alert":1611735463139}
{"check":{"id":"uwm5ui4f0tyh3ien3ktv","userphone":"12345678900","protocol":"https","url":"google.com","method":"get","successcodes":[200,201,301,302],"timeoutseconds":4,"state":"up","lastChecked":1611735463139},"outcome":{"error":false,"responseCode":301},"state":false,"alert":1611735523240}
{"check":{"id":"uwm5ui4f0tyh3ien3ktv","userphone":"12345678900","protocol":"https","url":"google.com","method":"get","successcodes":[200,201,301,302],"timeoutseconds":4,"state":"up","lastChecked":1611735523240},"outcome":{"error":false,"responseCode":301},"state":false,"alert":1611735583258}
{"check":{"id":"uwm5ui4f0tyh3ien3ktv","userphone":"12345678900","protocol":"https","url":"google.com","method":"get","successcodes":[200,201,301,302],"timeoutseconds":4,"state":"up","lastChecked":1611735583258},"outcome":{"error":false,"responseCode":301},"state":false,"alert":1611735643265}
{"check":{"id":"uwm5ui4f0tyh3ien3ktv","userphone":"12345678900","protocol":"https","url":"google.com","method":"get","successcodes":[200,201,301,302],"timeoutseconds":4,"state":"up","lastChecked":1611735643265},"outcome":{"error":false,"responseCode":301},"state":false,"alert":1611735703273}
{"check":{"id":"uwm5ui4f0tyh3ien3ktv","userphone":"12345678900","protocol":"https","url":"google.com","method":"get","successcodes":[200,201,301,302],"timeoutseconds":4,"state":"up","lastChecked":1611735703273},"outcome":{"error":false,"responseCode":301},"state":false,"alert":1611735763281}
{"check":{"id":"uwm5ui4f0tyh3ien3ktv","userphone":"12345678900","protocol":"https","url":"google.com","method":"get","successcodes":[200,201,301,302],"timeoutseconds":4,"state":"up","lastChecked":1611735763281},"outcome":{"error":false,"responseCode":301},"state":false,"alert":1611735823290}
{"check":{"id":"uwm5ui4f0tyh3ien3ktv","userphone":"12345678900","protocol":"https","url":"google.com","method":"get","successcodes":[200,201,301,302],"timeoutseconds":4,"state":"up","lastChecked":1611735823290},"outcome":{"error":false,"responseCode":301},"state":false,"alert":1611735883503}
{"check":{"id":"uwm5ui4f0tyh3ien3ktv","userphone":"12345678900","protocol":"https","url":"google.com","method":"get","successcodes":[200,201,301,302],"timeoutseconds":4,"state":"up","lastChecked":1611735883503},"outcome":{"error":false,"responseCode":301},"state":false,"alert":1611735943692}
{"check":{"id":"uwm5ui4f0tyh3ien3ktv","userphone":"12345678900","protocol":"https","url":"google.com","method":"get","successcodes":[200,201,301,302],"timeoutseconds":4,"state":"up","lastChecked":1611735943692},"outcome":{"error":false,"responseCode":301},"state":false,"alert":1611736003356}
{"check":{"id":"uwm5ui4f0tyh3ien3ktv","userphone":"12345678900","protocol":"https","url":"google.com","method":"get","successcodes":[200,201,301,302],"timeoutseconds":4,"state":"up","lastChecked":1611736003356},"outcome":{"error":false,"responseCode":301},"state":false,"alert":1611736063447}
{"check":{"id":"uwm5ui4f0tyh3ien3ktv","userphone":"12345678900","protocol":"https","url":"google.com","method":"get","successcodes":[200,201,301,302],"timeoutseconds":4,"state":"up","lastChecked":1611736063447},"outcome":{"error":false,"responseCode":301},"state":false,"alert":1611736123624}
{"check":{"id":"uwm5ui4f0tyh3ien3ktv","userphone":"12345678900","protocol":"https","url":"google.com","method":"get","successcodes":[200,201,301,302],"timeoutseconds":4,"state":"up","lastChecked":1611736123624},"outcome":{"error":false,"responseCode":301},"state":false,"alert":1611736183816}
{"check":{"id":"uwm5ui4f0tyh3ien3ktv","userphone":"12345678900","protocol":"https","url":"google.com","method":"get","successcodes":[200,201,301,302],"timeoutseconds":4,"state":"up","lastChecked":1611736183816},"outcome":{"error":false,"responseCode":301},"state":false,"alert":1611736243603}
{"check":{"id":"uwm5ui4f0tyh3ien3ktv","userphone":"12345678900","protocol":"https","url":"google.com","method":"get","successcodes":[200,201,301,302],"timeoutseconds":4,"state":"up","lastChecked":1611736243603},"outcome":{"error":false,"responseCode":301},"state":false,"alert":1611736304007}
{"check":{"id":"uwm5ui4f0tyh3ien3ktv","userphone":"12345678900","protocol":"https","url":"google.com","method":"get","successcodes":[200,201,301,302],"timeoutseconds":4,"state":"up","lastChecked":1611736304007},"outcome":{"error":false,"responseCode":301},"state":false,"alert":1611736363794}
{"check":{"id":"uwm5ui4f0tyh3ien3ktv","userphone":"12345678900","protocol":"https","url":"google.com","method":"get","successcodes":[200,201,301,302],"timeoutseconds":4,"state":"up","lastChecked":1611736363794},"outcome":{"error":false,"responseCode":301},"state":false,"alert":1611736423688}
{"check":{"id":"uwm5ui4f0tyh3ien3ktv","userphone":"12345678900","protocol":"https","url":"google.com","method":"get","successcodes":[200,201,301,302],"timeoutseconds":4,"state":"up","lastChecked":1611736423688},"outcome":{"error":false,"responseCode":301},"state":false,"alert":1611736483890}
{"check":{"id":"uwm5ui4f0tyh3ien3ktv","userphone":"12345678900","protocol":"https","url":"google.com","method":"get","successcodes":[200,201,301,302],"timeoutseconds":4,"state":"up","lastChecked":1611736483890},"outcome":{"error":false,"responseCode":301},"state":false,"alert":1611736543889}
{"check":{"id":"uwm5ui4f0tyh3ien3ktv","userphone":"12345678900","protocol":"https","url":"google.com","method":"get","successcodes":[200,201,301,302],"timeoutseconds":4,"state":"up","lastChecked":1611736543889},"outcome":{"error":false,"responseCode":301},"state":false,"alert":1611736604303}
{"check":{"id":"uwm5ui4f0tyh3ien3ktv","userphone":"12345678900","protocol":"https","url":"google.com","method":"get","successcodes":[200,201,301,302],"timeoutseconds":4,"state":"up","lastChecked":1611736604303},"outcome":{"error":false,"responseCode":301},"state":false,"alert":1611736663786}
{"check":{"id":"uwm5ui4f0tyh3ien3ktv","userphone":"12345678900","protocol":"https","url":"google.com","method":"get","successcodes":[200,201,301,302],"timeoutseconds":4,"state":"up","lastChecked":1611736663786},"outcome":{"error":{"error":true,"value":{"errno":-101,"code":"ENETUNREACH","syscall":"connect","address":"2a00:1450:4019:803::200e","port":80}},"responseCode":false},"state":true,"alert":1611736723627}
{"check":{"id":"uwm5ui4f0tyh3ien3ktv","userphone":"12345678900","protocol":"https","url":"google.com","method":"get","successcodes":[200,201,301,302],"timeoutseconds":4,"state":"down","lastChecked":1611736723627},"outcome":{"error":false,"responseCode":301},"state":true,"alert":1611736783890}
{"check":{"id":"uwm5ui4f0tyh3ien3ktv","userphone":"12345678900","protocol":"https","url":"google.com","method":"get","successcodes":[200,201,301,302],"timeoutseconds":4,"state":"up","lastChecked":1611736783890},"outcome":{"error":false,"responseCode":301},"state":false,"alert":1611736843993}
{"check":{"id":"uwm5ui4f0tyh3ien3ktv","userphone":"12345678900","protocol":"https","url":"google.com","method":"get","successcodes":[200,201,301,302],"timeoutseconds":4,"state":"up","lastChecked":1611736843993},"outcome":{"error":false,"responseCode":301},"state":false,"alert":1611736904306}
{"check":{"id":"uwm5ui4f0tyh3ien3ktv","userphone":"12345678900","protocol":"https","url":"google.com","method":"get","successcodes":[200,201,301,302],"timeoutseconds":4,"state":"up","lastChecked":1611736904306},"outcome":{"error":false,"responseCode":301},"state":false,"alert":1611736964305}
{"check":{"id":"uwm5ui4f0tyh3ien3ktv","userphone":"12345678900","protocol":"https","url":"google.com","method":"get","successcodes":[200,201,301,302],"timeoutseconds":4,"state":"up","lastChecked":1611736964305},"outcome":{"error":false,"responseCode":301},"state":false,"alert":1611737024106}
{"check":{"id":"uwm5ui4f0tyh3ien3ktv","userphone":"12345678900","protocol":"https","url":"google.com","method":"get","successcodes":[200,201,301,302],"timeoutseconds":4,"state":"up","lastChecked":1611737024106},"outcome":{"error":false,"responseCode":301},"state":false,"alert":1611737084216}
{"check":{"id":"uwm5ui4f0tyh3ien3ktv","userphone":"12345678900","protocol":"https","url":"google.com","method":"get","successcodes":[200,201,301,302],"timeoutseconds":4,"state":"up","lastChecked":1611737084216},"outcome":{"error":false,"responseCode":301},"state":false,"alert":1611737144526}
{"check":{"id":"uwm5ui4f0tyh3ien3ktv","userphone":"12345678900","protocol":"https","url":"google.com","method":"get","successcodes":[200,201,301,302],"timeoutseconds":4,"state":"up","lastChecked":1611737144526},"outcome":{"error":false,"responseCode":301},"state":false,"alert":1611737204208}
{"check":{"id":"uwm5ui4f0tyh3ien3ktv","userphone":"12345678900","protocol":"https","url":"google.com","method":"get","successcodes":[200,201,301,302],"timeoutseconds":4,"state":"up","lastChecked":1611737204208},"outcome":{"error":false,"responseCode":301},"state":false,"alert":1611737264230}
{"check":{"id":"uwm5ui4f0tyh3ien3ktv","userphone":"12345678900","protocol":"https","url":"google.com","method":"get","successcodes":[200,201,301,302],"timeoutseconds":4,"state":"up","lastChecked":1611737264230},"outcome":{"error":false,"responseCode":301},"state":false,"alert":1611737324339}
{"check":{"id":"uwm5ui4f0tyh3ien3ktv","userphone":"12345678900","protocol":"https","url":"google.com","method":"get","successcodes":[200,201,301,302],"timeoutseconds":4,"state":"up","lastChecked":1611737324339},"outcome":{"error":false,"responseCode":301},"state":false,"alert":1611737384341}
{"check":{"id":"uwm5ui4f0tyh3ien3ktv","userphone":"12345678900","protocol":"https","url":"google.com","method":"get","successcodes":[200,201,301,302],"timeoutseconds":4,"state":"up","lastChecked":1611737384341},"outcome":{"error":false,"responseCode":301},"state":false,"alert":1611737444755}
{"check":{"id":"uwm5ui4f0tyh3ien3ktv","userphone":"12345678900","protocol":"https","url":"google.com","method":"get","successcodes":[200,201,301,302],"timeoutseconds":4,"state":"up","lastChecked":1611737444755},"outcome":{"error":false,"responseCode":301},"state":false,"alert":1611737504554}
{"check":{"id":"uwm5ui4f0tyh3ien3ktv","userphone":"12345678900","protocol":"https","url":"google.com","method":"get","successcodes":[200,201,301,302],"timeoutseconds":4,"state":"up","lastChecked":1611737504554},"outcome":{"error":false,"responseCode":301},"state":false,"alert":1611737564557}
{"check":{"id":"uwm5ui4f0tyh3ien3ktv","userphone":"12345678900","protocol":"https","url":"google.com","method":"get","successcodes":[200,201,301,302],"timeoutseconds":4,"state":"up","lastChecked":1611737564557},"outcome":{"error":false,"responseCode":301},"state":false,"alert":1611737624567}
{"check":{"id":"uwm5ui4f0tyh3ien3ktv","userphone":"12345678900","protocol":"https","url":"google.com","method":"get","successcodes":[200,201,301,302],"timeoutseconds":4,"state":"up","lastChecked":1611737624567},"outcome":{"error":false,"responseCode":301},"state":false,"alert":1611737684571}
{"check":{"id":"uwm5ui4f0tyh3ien3ktv","userphone":"12345678900","protocol":"https","url":"google.com","method":"get","successcodes":[200,201,301,302],"timeoutseconds":4,"state":"up","lastChecked":1611737684571},"outcome":{"error":false,"responseCode":301},"state":false,"alert":1611737745190}
{"check":{"id":"uwm5ui4f0tyh3ien3ktv","userphone":"12345678900","protocol":"https","url":"google.com","method":"get","successcodes":[200,201,301,302],"timeoutseconds":4,"state":"up","lastChecked":1611737745190},"outcome":{"error":false,"responseCode":301},"state":false,"alert":1611737804697}
{"check":{"id":"uwm5ui4f0tyh3ien3ktv","userphone":"12345678900","protocol":"https","url":"google.com","method":"get","successcodes":[200,201,301,302],"timeoutseconds":4,"state":"up","lastChecked":1611737804697},"outcome":{"error":false,"responseCode":301},"state":false,"alert":1611737864780}
{"check":{"id":"uwm5ui4f0tyh3ien3ktv","userphone":"12345678900","protocol":"https","url":"google.com","method":"get","successcodes":[200,201,301,302],"timeoutseconds":4,"state":"up","lastChecked":1611737864780},"outcome":{"error":false,"responseCode":301},"state":false,"alert":1611737924760}
{"check":{"id":"uwm5ui4f0tyh3ien3ktv","userphone":"12345678900","protocol":"https","url":"google.com","method":"get","successcodes":[200,201,301,302],"timeoutseconds":4,"state":"up","lastChecked":1611737924760},"outcome":{"error":false,"responseCode":301},"state":false,"alert":1611737984820}
{"check":{"id":"uwm5ui4f0tyh3ien3ktv","userphone":"12345678900","protocol":"https","url":"google.com","method":"get","successcodes":[200,201,301,302],"timeoutseconds":4,"state":"up","lastChecked":1611737984820},"outcome":{"error":false,"responseCode":301},"state":false,"alert":1611738045097}
{"check":{"id":"uwm5ui4f0tyh3ien3ktv","userphone":"12345678900","protocol":"https","url":"google.com","method":"get","successcodes":[200,201,301,302],"timeoutseconds":4,"state":"up","lastChecked":1611738045097},"outcome":{"error":false,"responseCode":301},"state":false,"alert":1611738105118}
{"check":{"id":"uwm5ui4f0tyh3ien3ktv","userphone":"12345678900","protocol":"https","url":"google.com","method":"get","successcodes":[200,201,301,302],"timeoutseconds":4,"state":"up","lastChecked":1611738105118},"outcome":{"error":false,"responseCode":301},"state":false,"alert":1611738165028}
{"check":{"id":"uwm5ui4f0tyh3ien3ktv","userphone":"12345678900","protocol":"https","url":"google.com","method":"get","successcodes":[200,201,301,302],"timeoutseconds":4,"state":"up","lastChecked":1611738165028},"outcome":{"error":false,"responseCode":301},"state":false,"alert":1611738225043}
{"check":{"id":"uwm5ui4f0tyh3ien3ktv","userphone":"12345678900","protocol":"https","url":"google.com","method":"get","successcodes":[200,201,301,302],"timeoutseconds":4,"state":"up","lastChecked":1611738225043},"outcome":{"error":false,"responseCode":301},"state":false,"alert":1611738285109}
{"check":{"id":"uwm5ui4f0tyh3ien3ktv","userphone":"12345678900","protocol":"https","url":"google.com","method":"get","successcodes":[200,201,301,302],"timeoutseconds":4,"state":"up","lastChecked":1611738285109},"outcome":{"error":false,"responseCode":301},"state":false,"alert":1611738345214}
{"check":{"id":"uwm5ui4f0tyh3ien3ktv","userphone":"12345678900","protocol":"https","url":"google.com","method":"get","successcodes":[200,201,301,302],"timeoutseconds":4,"state":"up","lastChecked":1611738345214},"outcome":{"error":false,"responseCode":301},"state":false,"alert":1611738405428}
{"check":{"id":"uwm5ui4f0tyh3ien3ktv","userphone":"12345678900","protocol":"https","url":"google.com","method":"get","successcodes":[200,201,301,302],"timeoutseconds":4,"state":"up","lastChecked":1611738405428},"outcome":{"error":false,"responseCode":301},"state":false,"alert":1611738465323}
{"check":{"id":"uwm5ui4f0tyh3ien3ktv","userphone":"12345678900","protocol":"https","url":"google.com","method":"get","successcodes":[200,201,301,302],"timeoutseconds":4,"state":"up","lastChecked":1611738465323},"outcome":{"error":false,"responseCode":301},"state":false,"alert":1611738525536}
{"check":{"id":"uwm5ui4f0tyh3ien3ktv","userphone":"12345678900","protocol":"https","url":"google.com","method":"get","successcodes":[200,201,301,302],"timeoutseconds":4,"state":"up","lastChecked":1611738525536},"outcome":{"error":false,"responseCode":301},"state":false,"alert":1611738585431}
{"check":{"id":"uwm5ui4f0tyh3ien3ktv","userphone":"12345678900","protocol":"https","url":"google.com","method":"get","successcodes":[200,201,301,302],"timeoutseconds":4,"state":"up","lastChecked":1611738585431},"outcome":{"error":false,"responseCode":301},"state":false,"alert":1611738645643}
{"check":{"id":"uwm5ui4f0tyh3ien3ktv","userphone":"12345678900","protocol":"https","url":"google.com","method":"get","successcodes":[200,201,301,302],"timeoutseconds":4,"state":"up","lastChecked":1611738645643},"outcome":{"error":false,"responseCode":301},"state":false,"alert":1611738705847}
{"check":{"id":"uwm5ui4f0tyh3ien3ktv","userphone":"12345678900","protocol":"https","url":"google.com","method":"get","successcodes":[200,201,301,302],"timeoutseconds":4,"state":"up","lastChecked":1611738705847},"outcome":{"error":false,"responseCode":301},"state":false,"alert":1611738765556}
{"check":{"id":"uwm5ui4f0tyh3ien3ktv","userphone":"12345678900","protocol":"https","url":"google.com","method":"get","successcodes":[200,201,301,302],"timeoutseconds":4,"state":"up","lastChecked":1611738765556},"outcome":{"error":false,"responseCode":301},"state":false,"alert":1611738825755}
{"check":{"id":"uwm5ui4f0tyh3ien3ktv","userphone":"12345678900","protocol":"https","url":"google.com","method":"get","successcodes":[200,201,301,302],"timeoutseconds":4,"state":"up","lastChecked":1611738825755},"outcome":{"error":false,"responseCode":301},"state":false,"alert":1611738885659}
{"check":{"id":"uwm5ui4f0tyh3ien3ktv","userphone":"12345678900","protocol":"https","url":"google.com","method":"get","successcodes":[200,201,301,302],"timeoutseconds":4,"state":"up","lastChecked":1611738885659},"outcome":{"error":false,"responseCode":301},"state":false,"alert":1611738945861}
{"check":{"id":"uwm5ui4f0tyh3ien3ktv","userphone":"12345678900","protocol":"https","url":"google.com","method":"get","successcodes":[200,201,301,302],"timeoutseconds":4,"state":"up","lastChecked":1611738945861},"outcome":{"error":false,"responseCode":301},"state":false,"alert":1611739005778}
{"check":{"id":"uwm5ui4f0tyh3ien3ktv","userphone":"12345678900","protocol":"https","url":"google.com","method":"get","successcodes":[200,201,301,302],"timeoutseconds":4,"state":"up","lastChecked":1611739005778},"outcome":{"error":false,"responseCode":301},"state":false,"alert":1611739065826}
{"check":{"id":"uwm5ui4f0tyh3ien3ktv","userphone":"12345678900","protocol":"https","url":"google.com","method":"get","successcodes":[200,201,301,302],"timeoutseconds":4,"state":"up","lastChecked":1611739065826},"outcome":{"error":false,"responseCode":301},"state":false,"alert":1611739125873}
{"check":{"id":"uwm5ui4f0tyh3ien3ktv","userphone":"12345678900","protocol":"https","url":"google.com","method":"get","successcodes":[200,201,301,302],"timeoutseconds":4,"state":"up","lastChecked":1611739125873},"outcome":{"error":false,"responseCode":301},"state":false,"alert":1611739185889}
{"check":{"id":"uwm5ui4f0tyh3ien3ktv","userphone":"12345678900","protocol":"https","url":"google.com","method":"get","successcodes":[200,201,301,302],"timeoutseconds":4,"state":"up","lastChecked":1611739185889},"outcome":{"error":false,"responseCode":301},"state":false,"alert":1611739246138}
{"check":{"id":"uwm5ui4f0tyh3ien3ktv","userphone":"12345678900","protocol":"https","url":"google.com","method":"get","successcodes":[200,201,301,302],"timeoutseconds":4,"state":"up","lastChecked":1611739246138},"outcome":{"error":false,"responseCode":301},"state":false,"alert":1611739306058}
{"check":{"id":"uwm5ui4f0tyh3ien3ktv","userphone":"12345678900","protocol":"https","url":"google.com","method":"get","successcodes":[200,201,301,302],"timeoutseconds":4,"state":"up","lastChecked":1611739306058},"outcome":{"error":false,"responseCode":301},"state":false,"alert":1611739366052}
{"check":{"id":"uwm5ui4f0tyh3ien3ktv","userphone":"12345678900","protocol":"https","url":"google.com","method":"get","successcodes":[200,201,301,302],"timeoutseconds":4,"state":"up","lastChecked":1611739366052},"outcome":{"error":false,"responseCode":301},"state":false,"alert":1611739426202}
{"check":{"id":"uwm5ui4f0tyh3ien3ktv","userphone":"12345678900","protocol":"https","url":"google.com","method":"get","successcodes":[200,201,301,302],"timeoutseconds":4,"state":"up","lastChecked":1611739426202},"outcome":{"error":false,"responseCode":301},"state":false,"alert":1611739486528}
{"check":{"id":"uwm5ui4f0tyh3ien3ktv","userphone":"12345678900","protocol":"https","url":"google.com","method":"get","successcodes":[200,201,301,302],"timeoutseconds":4,"state":"up","lastChecked":1611739486528},"outcome":{"error":false,"responseCode":301},"state":false,"alert":1611739547152}
{"check":{"id":"uwm5ui4f0tyh3ien3ktv","userphone":"12345678900","protocol":"https","url":"google.com","method":"get","successcodes":[200,201,301,302],"timeoutseconds":4,"state":"up","lastChecked":1611739547152},"outcome":{"error":false,"responseCode":301},"state":false,"alert":1611739606356}
{"check":{"id":"uwm5ui4f0tyh3ien3ktv","userphone":"12345678900","protocol":"https","url":"google.com","method":"get","successcodes":[200,201,301,302],"timeoutseconds":4,"state":"up","lastChecked":1611739606356},"outcome":{"error":false,"responseCode":301},"state":false,"alert":1611739666385}
{"check":{"id":"uwm5ui4f0tyh3ien3ktv","userphone":"12345678900","protocol":"https","url":"google.com","method":"get","successcodes":[200,201,301,302],"timeoutseconds":4,"state":"up","lastChecked":1611739666385},"outcome":{"error":false,"responseCode":301},"state":false,"alert":1611739726486}
{"check":{"id":"uwm5ui4f0tyh3ien3ktv","userphone":"12345678900","protocol":"https","url":"google.com","method":"get","successcodes":[200,201,301,302],"timeoutseconds":4,"state":"up","lastChecked":1611739726486},"outcome":{"error":false,"responseCode":301},"state":false,"alert":1611739786450}
{"check":{"id":"uwm5ui4f0tyh3ien3ktv","userphone":"12345678900","protocol":"https","url":"google.com","method":"get","successcodes":[200,201,301,302],"timeoutseconds":4,"state":"up","lastChecked":1611739786450},"outcome":{"error":false,"responseCode":301},"state":false,"alert":1611739848490}
{"check":{"id":"uwm5ui4f0tyh3ien3ktv","userphone":"12345678900","protocol":"https","url":"google.com","method":"get","successcodes":[200,201,301,302],"timeoutseconds":4,"state":"up","lastChecked":1611739848490},"outcome":{"error":false,"responseCode":301},"state":false,"alert":1611739906514}
{"check":{"id":"uwm5ui4f0tyh3ien3ktv","userphone":"12345678900","protocol":"https","url":"google.com","method":"get","successcodes":[200,201,301,302],"timeoutseconds":4,"state":"up","lastChecked":1611739906514},"outcome":{"error":false,"responseCode":301},"state":false,"alert":1611739967547}
{"check":{"id":"uwm5ui4f0tyh3ien3ktv","userphone":"12345678900","protocol":"https","url":"google.com","method":"get","successcodes":[200,201,301,302],"timeoutseconds":4,"state":"up","lastChecked":1611739967547},"outcome":{"error":false,"responseCode":301},"state":false,"alert":1611740026739}
{"check":{"id":"uwm5ui4f0tyh3ien3ktv","userphone":"12345678900","protocol":"https","url":"google.com","method":"get","successcodes":[200,201,301,302],"timeoutseconds":4,"state":"up","lastChecked":1611740026739},"outcome":{"error":false,"responseCode":301},"state":false,"alert":1611740086752}
{"check":{"id":"uwm5ui4f0tyh3ien3ktv","userphone":"12345678900","protocol":"https","url":"google.com","method":"get","successcodes":[200,201,301,302],"timeoutseconds":4,"state":"up","lastChecked":1611740086752},"outcome":{"error":false,"responseCode":301},"state":false,"alert":1611740146764}
{"check":{"id":"uwm5ui4f0tyh3ien3ktv","userphone":"12345678900","protocol":"https","url":"google.com","method":"get","successcodes":[200,201,301,302],"timeoutseconds":4,"state":"up","lastChecked":1611740146764},"outcome":{"error":false,"responseCode":301},"state":false,"alert":1611740207086}
{"check":{"id":"uwm5ui4f0tyh3ien3ktv","userphone":"12345678900","protocol":"https","url":"google.com","method":"get","successcodes":[200,201,301,302],"timeoutseconds":4,"state":"up","lastChecked":1611740207086},"outcome":{"error":false,"responseCode":301},"state":false,"alert":1611740267205}
{"check":{"id":"uwm5ui4f0tyh3ien3ktv","userphone":"12345678900","protocol":"https","url":"google.com","method":"get","successcodes":[200,201,301,302],"timeoutseconds":4,"state":"up","lastChecked":1611740267205},"outcome":{"error":false,"responseCode":301},"state":false,"alert":1611740326903}
{"check":{"id":"uwm5ui4f0tyh3ien3ktv","userphone":"12345678900","protocol":"https","url":"google.com","method":"get","successcodes":[200,201,301,302],"timeoutseconds":4,"state":"up","lastChecked":1611740326903},"outcome":{"error":false,"responseCode":301},"state":false,"alert":1611740386956}
{"check":{"id":"uwm5ui4f0tyh3ien3ktv","userphone":"12345678900","protocol":"https","url":"google.com","method":"get","successcodes":[200,201,301,302],"timeoutseconds":4,"state":"up","lastChecked":1611740386956},"outcome":{"error":false,"responseCode":301},"state":false,"alert":1611740447238}
{"check":{"id":"uwm5ui4f0tyh3ien3ktv","userphone":"12345678900","protocol":"https","url":"google.com","method":"get","successcodes":[200,201,301,302],"timeoutseconds":4,"state":"up","lastChecked":1611740447238},"outcome":{"error":false,"responseCode":301},"state":false,"alert":1611740507142}
{"check":{"id":"uwm5ui4f0tyh3ien3ktv","userphone":"12345678900","protocol":"https","url":"google.com","method":"get","successcodes":[200,201,301,302],"timeoutseconds":4,"state":"up","lastChecked":1611740507142},"outcome":{"error":false,"responseCode":301},"state":false,"alert":1611740567668}
{"check":{"id":"uwm5ui4f0tyh3ien3ktv","userphone":"12345678900","protocol":"https","url":"google.com","method":"get","successcodes":[200,201,301,302],"timeoutseconds":4,"state":"up","lastChecked":1611740567668},"outcome":{"error":false,"responseCode":301},"state":false,"alert":1611740627372}
{"check":{"id":"uwm5ui4f0tyh3ien3ktv","userphone":"12345678900","protocol":"https","url":"google.com","method":"get","successcodes":[200,201,301,302],"timeoutseconds":4,"state":"up","lastChecked":1611740627372},"outcome":{"error":false,"responseCode":301},"state":false,"alert":1611740687224}
{"check":{"id":"uwm5ui4f0tyh3ien3ktv","userphone":"12345678900","protocol":"https","url":"google.com","method":"get","successcodes":[200,201,301,302],"timeoutseconds":4,"state":"up","lastChecked":1611740687224},"outcome":{"error":false,"responseCode":301},"state":false,"alert":1611740747699}
{"check":{"id":"uwm5ui4f0tyh3ien3ktv","userphone":"12345678900","protocol":"https","url":"google.com","method":"get","successcodes":[200,201,301,302],"timeoutseconds":4,"state":"up","lastChecked":1611740747699},"outcome":{"error":false,"responseCode":301},"state":false,"alert":1611740807387}
{"check":{"id":"uwm5ui4f0tyh3ien3ktv","userphone":"12345678900","protocol":"https","url":"google.com","method":"get","successcodes":[200,201,301,302],"timeoutseconds":4,"state":"up","lastChecked":1611740807387},"outcome":{"error":false,"responseCode":301},"state":false,"alert":1611740867516}
{"check":{"id":"uwm5ui4f0tyh3ien3ktv","userphone":"12345678900","protocol":"https","url":"google.com","method":"get","successcodes":[200,201,301,302],"timeoutseconds":4,"state":"up","lastChecked":1611740867516},"outcome":{"error":false,"responseCode":301},"state":false,"alert":1611740927445}
{"check":{"id":"uwm5ui4f0tyh3ien3ktv","userphone":"12345678900","protocol":"https","url":"google.com","method":"get","successcodes":[200,201,301,302],"timeoutseconds":4,"state":"up","lastChecked":1611740927445},"outcome":{"error":false,"responseCode":301},"state":false,"alert":1611740987543}
{"check":{"id":"uwm5ui4f0tyh3ien3ktv","userphone":"12345678900","protocol":"https","url":"google.com","method":"get","successcodes":[200,201,301,302],"timeoutseconds":4,"state":"up","lastChecked":1611740987543},"outcome":{"error":false,"responseCode":301},"state":false,"alert":1611741047781}
{"check":{"id":"uwm5ui4f0tyh3ien3ktv","userphone":"12345678900","protocol":"https","url":"google.com","method":"get","successcodes":[200,201,301,302],"timeoutseconds":4,"state":"up","lastChecked":1611741047781},"outcome":{"error":false,"responseCode":301},"state":false,"alert":1611741107686}
{"check":{"id":"uwm5ui4f0tyh3ien3ktv","userphone":"12345678900","protocol":"https","url":"google.com","method":"get","successcodes":[200,201,301,302],"timeoutseconds":4,"state":"up","lastChecked":1611741107686},"outcome":{"error":false,"responseCode":301},"state":false,"alert":1611741167774}
{"check":{"id":"uwm5ui4f0tyh3ien3ktv","userphone":"12345678900","protocol":"https","url":"google.com","method":"get","successcodes":[200,201,301,302],"timeoutseconds":4,"state":"up","lastChecked":1611741167774},"outcome":{"error":false,"responseCode":301},"state":false,"alert":1611741227785}
{"check":{"id":"uwm5ui4f0tyh3ien3ktv","userphone":"12345678900","protocol":"https","url":"google.com","method":"get","successcodes":[200,201,301,302],"timeoutseconds":4,"state":"up","lastChecked":1611741227785},"outcome":{"error":false,"responseCode":301},"state":false,"alert":1611741288006}
{"check":{"id":"uwm5ui4f0tyh3ien3ktv","userphone":"12345678900","protocol":"https","url":"google.com","method":"get","successcodes":[200,201,301,302],"timeoutseconds":4,"state":"up","lastChecked":1611741288006},"outcome":{"error":false,"responseCode":301},"state":false,"alert":1611741348423}
{"check":{"id":"uwm5ui4f0tyh3ien3ktv","userphone":"12345678900","protocol":"https","url":"google.com","method":"get","successcodes":[200,201,301,302],"timeoutseconds":4,"state":"up","lastChecked":1611741348423},"outcome":{"error":{"error":true,"value":{"errno":-101,"code":"ENETUNREACH","syscall":"connect","address":"2a00:1450:4019:803::200e","port":80}},"responseCode":false},"state":true,"alert":1611741407727}
{"check":{"id":"uwm5ui4f0tyh3ien3ktv","userphone":"12345678900","protocol":"https","url":"google.com","method":"get","successcodes":[200,201,301,302],"timeoutseconds":4,"state":"down","lastChecked":1611741407727},"outcome":{"error":false,"responseCode":301},"state":true,"alert":1611741468031}
{"check":{"id":"uwm5ui4f0tyh3ien3ktv","userphone":"12345678900","protocol":"https","url":"google.com","method":"get","successcodes":[200,201,301,302],"timeoutseconds":4,"state":"up","lastChecked":1611741468031},"outcome":{"error":false,"responseCode":301},"state":false,"alert":1611741528020}
{"check":{"id":"uwm5ui4f0tyh3ien3ktv","userphone":"12345678900","protocol":"https","url":"google.com","method":"get","successcodes":[200,201,301,302],"timeoutseconds":4,"state":"up","lastChecked":1611741528020},"outcome":{"error":false,"responseCode":301},"state":false,"alert":1611741588156}
{"check":{"id":"uwm5ui4f0tyh3ien3ktv","userphone":"12345678900","protocol":"https","url":"google.com","method":"get","successcodes":[200,201,301,302],"timeoutseconds":4,"state":"up","lastChecked":1611741588156},"outcome":{"error":false,"responseCode":301},"state":false,"alert":1611741648362}
{"check":{"id":"uwm5ui4f0tyh3ien3ktv","userphone":"12345678900","protocol":"https","url":"google.com","method":"get","successcodes":[200,201,301,302],"timeoutseconds":4,"state":"up","lastChecked":1611741648362},"outcome":{"error":false,"responseCode":301},"state":false,"alert":1611741708283}
{"check":{"id":"uwm5ui4f0tyh3ien3ktv","userphone":"12345678900","protocol":"https","url":"google.com","method":"get","successcodes":[200,201,301,302],"timeoutseconds":4,"state":"up","lastChecked":1611741708283},"outcome":{"error":false,"responseCode":301},"state":false,"alert":1611741768257}
{"check":{"id":"uwm5ui4f0tyh3ien3ktv","userphone":"12345678900","protocol":"https","url":"google.com","method":"get","successcodes":[200,201,301,302],"timeoutseconds":4,"state":"up","lastChecked":1611741768257},"outcome":{"error":false,"responseCode":301},"state":false,"alert":1611741828300}
{"check":{"id":"uwm5ui4f0tyh3ien3ktv","userphone":"12345678900","protocol":"https","url":"google.com","method":"get","successcodes":[200,201,301,302],"timeoutseconds":4,"state":"up","lastChecked":1611741828300},"outcome":{"error":false,"responseCode":301},"state":false,"alert":1611741888418}
{"check":{"id":"uwm5ui4f0tyh3ien3ktv","userphone":"12345678900","protocol":"https","url":"google.com","method":"get","successcodes":[200,201,301,302],"timeoutseconds":4,"state":"up","lastChecked":1611741888418},"outcome":{"error":false,"responseCode":301},"state":false,"alert":1611741948627}
{"check":{"id":"uwm5ui4f0tyh3ien3ktv","userphone":"12345678900","protocol":"https","url":"google.com","method":"get","successcodes":[200,201,301,302],"timeoutseconds":4,"state":"up","lastChecked":1611741948627},"outcome":{"error":false,"responseCode":301},"state":false,"alert":1611742008542}
{"check":{"id":"uwm5ui4f0tyh3ien3ktv","userphone":"12345678900","protocol":"https","url":"google.com","method":"get","successcodes":[200,201,301,302],"timeoutseconds":4,"state":"up","lastChecked":1611742008542},"outcome":{"error":false,"responseCode":301},"state":false,"alert":1611742068545}
{"check":{"id":"uwm5ui4f0tyh3ien3ktv","userphone":"12345678900","protocol":"https","url":"google.com","method":"get","successcodes":[200,201,301,302],"timeoutseconds":4,"state":"up","lastChecked":1611742068545},"outcome":{"error":false,"responseCode":301},"state":false,"alert":1611742128564}
{"check":{"id":"uwm5ui4f0tyh3ien3ktv","userphone":"12345678900","protocol":"https","url":"google.com","method":"get","successcodes":[200,201,301,302],"timeoutseconds":4,"state":"up","lastChecked":1611742128564},"outcome":{"error":false,"responseCode":301},"state":false,"alert":1611742188582}
{"check":{"id":"uwm5ui4f0tyh3ien3ktv","userphone":"12345678900","protocol":"https","url":"google.com","method":"get","successcodes":[200,201,301,302],"timeoutseconds":4,"state":"up","lastChecked":1611742188582},"outcome":{"error":false,"responseCode":301},"state":false,"alert":1611742248987}
{"check":{"id":"uwm5ui4f0tyh3ien3ktv","userphone":"12345678900","protocol":"https","url":"google.com","method":"get","successcodes":[200,201,301,302],"timeoutseconds":4,"state":"up","lastChecked":1611742248987},"outcome":{"error":false,"responseCode":301},"state":false,"alert":1611742308689}
{"check":{"id":"uwm5ui4f0tyh3ien3ktv","userphone":"12345678900","protocol":"https","url":"google.com","method":"get","successcodes":[200,201,301,302],"timeoutseconds":4,"state":"up","lastChecked":1611742308689},"outcome":{"error":false,"responseCode":301},"state":false,"alert":1611742368808}
{"check":{"id":"uwm5ui4f0tyh3ien3ktv","userphone":"12345678900","protocol":"https","url":"google.com","method":"get","successcodes":[200,201,301,302],"timeoutseconds":4,"state":"up","lastChecked":1611742368808},"outcome":{"error":false,"responseCode":301},"state":false,"alert":1611742428804}
{"check":{"id":"uwm5ui4f0tyh3ien3ktv","userphone":"12345678900","protocol":"https","url":"google.com","method":"get","successcodes":[200,201,301,302],"timeoutseconds":4,"state":"up","lastChecked":1611742428804},"outcome":{"error":false,"responseCode":301},"state":false,"alert":1611742488826}
{"check":{"id":"uwm5ui4f0tyh3ien3ktv","userphone":"12345678900","protocol":"https","url":"google.com","method":"get","successcodes":[200,201,301,302],"timeoutseconds":4,"state":"up","lastChecked":1611742488826},"outcome":{"error":false,"responseCode":301},"state":false,"alert":1611742549134}
{"check":{"id":"uwm5ui4f0tyh3ien3ktv","userphone":"12345678900","protocol":"https","url":"google.com","method":"get","successcodes":[200,201,301,302],"timeoutseconds":4,"state":"up","lastChecked":1611742549134},"outcome":{"error":false,"responseCode":301},"state":false,"alert":1611742609253}
{"check":{"id":"uwm5ui4f0tyh3ien3ktv","userphone":"12345678900","protocol":"https","url":"google.com","method":"get","successcodes":[200,201,301,302],"timeoutseconds":4,"state":"up","lastChecked":1611742609253},"outcome":{"error":false,"responseCode":301},"state":false,"alert":1611742668992}
{"check":{"id":"uwm5ui4f0tyh3ien3ktv","userphone":"12345678900","protocol":"https","url":"google.com","method":"get","successcodes":[200,201,301,302],"timeoutseconds":4,"state":"up","lastChecked":1611742668992},"outcome":{"error":false,"responseCode":301},"state":false,"alert":1611742729045}
{"check":{"id":"uwm5ui4f0tyh3ien3ktv","userphone":"12345678900","protocol":"https","url":"google.com","method":"get","successcodes":[200,201,301,302],"timeoutseconds":4,"state":"up","lastChecked":1611742729045},"outcome":{"error":false,"responseCode":301},"state":false,"alert":1611742789101}
{"check":{"id":"uwm5ui4f0tyh3ien3ktv","userphone":"12345678900","protocol":"https","url":"google.com","method":"get","successcodes":[200,201,301,302],"timeoutseconds":4,"state":"up","lastChecked":1611742789101},"outcome":{"error":false,"responseCode":301},"state":false,"alert":1611742849194}
{"check":{"id":"uwm5ui4f0tyh3ien3ktv","userphone":"12345678900","protocol":"https","url":"google.com","method":"get","successcodes":[200,201,301,302],"timeoutseconds":4,"state":"up","lastChecked":1611742849194},"outcome":{"error":false,"responseCode":301},"state":false,"alert":1611742909202}
{"check":{"id":"uwm5ui4f0tyh3ien3ktv","userphone":"12345678900","protocol":"https","url":"google.com","method":"get","successcodes":[200,201,301,302],"timeoutseconds":4,"state":"up","lastChecked":1611742909202},"outcome":{"error":false,"responseCode":301},"state":false,"alert":1611742969422}
{"check":{"id":"uwm5ui4f0tyh3ien3ktv","userphone":"12345678900","protocol":"https","url":"google.com","method":"get","successcodes":[200,201,301,302],"timeoutseconds":4,"state":"up","lastChecked":1611742969422},"outcome":{"error":false,"responseCode":301},"state":false,"alert":1611743029325}
{"check":{"id":"uwm5ui4f0tyh3ien3ktv","userphone":"12345678900","protocol":"https","url":"google.com","method":"get","successcodes":[200,201,301,302],"timeoutseconds":4,"state":"up","lastChecked":1611743029325},"outcome":{"error":false,"responseCode":301},"state":false,"alert":1611743089394}
{"check":{"id":"uwm5ui4f0tyh3ien3ktv","userphone":"12345678900","protocol":"https","url":"google.com","method":"get","successcodes":[200,201,301,302],"timeoutseconds":4,"state":"up","lastChecked":1611743089394},"outcome":{"error":false,"responseCode":301},"state":false,"alert":1611743149767}
{"check":{"id":"uwm5ui4f0tyh3ien3ktv","userphone":"12345678900","protocol":"https","url":"google.com","method":"get","successcodes":[200,201,301,302],"timeoutseconds":4,"state":"up","lastChecked":1611743149767},"outcome":{"error":false,"responseCode":301},"state":false,"alert":1611743209423}
{"check":{"id":"uwm5ui4f0tyh3ien3ktv","userphone":"12345678900","protocol":"https","url":"google.com","method":"get","successcodes":[200,201,301,302],"timeoutseconds":4,"state":"up","lastChecked":1611743209423},"outcome":{"error":false,"responseCode":301},"state":false,"alert":1611743269483}
{"check":{"id":"uwm5ui4f0tyh3ien3ktv","userphone":"12345678900","protocol":"https","url":"google.com","method":"get","successcodes":[200,201,301,302],"timeoutseconds":4,"state":"up","lastChecked":1611743269483},"outcome":{"error":false,"responseCode":301},"state":false,"alert":1611743329742}
{"check":{"id":"uwm5ui4f0tyh3ien3ktv","userphone":"12345678900","protocol":"https","url":"google.com","method":"get","successcodes":[200,201,301,302],"timeoutseconds":4,"state":"up","lastChecked":1611743329742},"outcome":{"error":false,"responseCode":301},"state":false,"alert":1611743389639}
{"check":{"id":"uwm5ui4f0tyh3ien3ktv","userphone":"12345678900","protocol":"https","url":"google.com","method":"get","successcodes":[200,201,301,302],"timeoutseconds":4,"state":"up","lastChecked":1611743389639},"outcome":{"error":false,"responseCode":301},"state":false,"alert":1611743449653}
{"check":{"id":"uwm5ui4f0tyh3ien3ktv","userphone":"12345678900","protocol":"https","url":"google.com","method":"get","successcodes":[200,201,301,302],"timeoutseconds":4,"state":"up","lastChecked":1611743449653},"outcome":{"error":false,"responseCode":301},"state":false,"alert":1611743509759}
{"check":{"id":"uwm5ui4f0tyh3ien3ktv","userphone":"12345678900","protocol":"https","url":"google.com","method":"get","successcodes":[200,201,301,302],"timeoutseconds":4,"state":"up","lastChecked":1611743509759},"outcome":{"error":false,"responseCode":301},"state":false,"alert":1611743569762}
{"check":{"id":"uwm5ui4f0tyh3ien3ktv","userphone":"12345678900","protocol":"https","url":"google.com","method":"get","successcodes":[200,201,301,302],"timeoutseconds":4,"state":"up","lastChecked":1611743569762},"outcome":{"error":false,"responseCode":301},"state":false,"alert":1611743630167}
{"check":{"id":"uwm5ui4f0tyh3ien3ktv","userphone":"12345678900","protocol":"https","url":"google.com","method":"get","successcodes":[200,201,301,302],"timeoutseconds":4,"state":"up","lastChecked":1611743630167},"outcome":{"error":false,"responseCode":301},"state":false,"alert":1611743690609}
{"check":{"id":"uwm5ui4f0tyh3ien3ktv","userphone":"12345678900","protocol":"https","url":"google.com","method":"get","successcodes":[200,201,301,302],"timeoutseconds":4,"state":"up","lastChecked":1611743690609},"outcome":{"error":false,"responseCode":301},"state":false,"alert":1611743750006}
{"check":{"id":"uwm5ui4f0tyh3ien3ktv","userphone":"12345678900","protocol":"https","url":"google.com","method":"get","successcodes":[200,201,301,302],"timeoutseconds":4,"state":"up","lastChecked":1611743750006},"outcome":{"error":false,"responseCode":301},"state":false,"alert":1611743810014}
{"check":{"id":"uwm5ui4f0tyh3ien3ktv","userphone":"12345678900","protocol":"https","url":"google.com","method":"get","successcodes":[200,201,301,302],"timeoutseconds":4,"state":"up","lastChecked":1611743810014},"outcome":{"error":false,"responseCode":301},"state":false,"alert":1611743870071}
{"check":{"id":"uwm5ui4f0tyh3ien3ktv","userphone":"12345678900","protocol":"https","url":"google.com","method":"get","successcodes":[200,201,301,302],"timeoutseconds":4,"state":"up","lastChecked":1611743870071},"outcome":{"error":false,"responseCode":301},"state":false,"alert":1611743930748}
{"check":{"id":"uwm5ui4f0tyh3ien3ktv","userphone":"12345678900","protocol":"https","url":"google.com","method":"get","successcodes":[200,201,301,302],"timeoutseconds":4,"state":"up","lastChecked":1611743930748},"outcome":{"error":false,"responseCode":301},"state":false,"alert":1611743990227}
{"check":{"id":"uwm5ui4f0tyh3ien3ktv","userphone":"12345678900","protocol":"https","url":"google.com","method":"get","successcodes":[200,201,301,302],"timeoutseconds":4,"state":"up","lastChecked":1611743990227},"outcome":{"error":false,"responseCode":301},"state":false,"alert":1611744050206}
{"check":{"id":"uwm5ui4f0tyh3ien3ktv","userphone":"12345678900","protocol":"https","url":"google.com","method":"get","successcodes":[200,201,301,302],"timeoutseconds":4,"state":"up","lastChecked":1611744050206},"outcome":{"error":false,"responseCode":301},"state":false,"alert":1611744110444}
{"check":{"id":"uwm5ui4f0tyh3ien3ktv","userphone":"12345678900","protocol":"https","url":"google.com","method":"get","successcodes":[200,201,301,302],"timeoutseconds":4,"state":"up","lastChecked":1611744110444},"outcome":{"error":false,"responseCode":301},"state":false,"alert":1611744170554}
{"check":{"id":"uwm5ui4f0tyh3ien3ktv","userphone":"12345678900","protocol":"https","url":"google.com","method":"get","successcodes":[200,201,301,302],"timeoutseconds":4,"state":"up","lastChecked":1611744170554},"outcome":{"error":false,"responseCode":301},"state":false,"alert":1611744230448}
{"check":{"id":"uwm5ui4f0tyh3ien3ktv","userphone":"12345678900","protocol":"https","url":"google.com","method":"get","successcodes":[200,201,301,302],"timeoutseconds":4,"state":"up","lastChecked":1611744230448},"outcome":{"error":false,"responseCode":301},"state":false,"alert":1611744290450}
{"check":{"id":"uwm5ui4f0tyh3ien3ktv","userphone":"12345678900","protocol":"https","url":"google.com","method":"get","successcodes":[200,201,301,302],"timeoutseconds":4,"state":"up","lastChecked":1611744290450},"outcome":{"error":false,"responseCode":301},"state":false,"alert":1611744350562}
{"check":{"id":"uwm5ui4f0tyh3ien3ktv","userphone":"12345678900","protocol":"https","url":"google.com","method":"get","successcodes":[200,201,301,302],"timeoutseconds":4,"state":"up","lastChecked":1611744350562},"outcome":{"error":false,"responseCode":301},"state":false,"alert":1611744410558}
{"check":{"id":"uwm5ui4f0tyh3ien3ktv","userphone":"12345678900","protocol":"https","url":"google.com","method":"get","successcodes":[200,201,301,302],"timeoutseconds":4,"state":"up","lastChecked":1611744410558},"outcome":{"error":false,"responseCode":301},"state":false,"alert":1611744470975}
{"check":{"id":"uwm5ui4f0tyh3ien3ktv","userphone":"12345678900","protocol":"https","url":"google.com","method":"get","successcodes":[200,201,301,302],"timeoutseconds":4,"state":"up","lastChecked":1611744470975},"outcome":{"error":false,"responseCode":301},"state":false,"alert":1611744530670}
{"check":{"id":"uwm5ui4f0tyh3ien3ktv","userphone":"12345678900","protocol":"https","url":"google.com","method":"get","successcodes":[200,201,301,302],"timeoutseconds":4,"state":"up","lastChecked":1611744530670},"outcome":{"error":false,"responseCode":301},"state":false,"alert":1611744590667}
{"check":{"id":"uwm5ui4f0tyh3ien3ktv","userphone":"12345678900","protocol":"https","url":"google.com","method":"get","successcodes":[200,201,301,302],"timeoutseconds":4,"state":"up","lastChecked":1611744590667},"outcome":{"error":false,"responseCode":301},"state":false,"alert":1611744650772}
{"check":{"id":"uwm5ui4f0tyh3ien3ktv","userphone":"12345678900","protocol":"https","url":"google.com","method":"get","successcodes":[200,201,301,302],"timeoutseconds":4,"state":"up","lastChecked":1611744650772},"outcome":{"error":false,"responseCode":301},"state":false,"alert":1611744711695}
{"check":{"id":"uwm5ui4f0tyh3ien3ktv","userphone":"12345678900","protocol":"https","url":"google.com","method":"get","successcodes":[200,201,301,302],"timeoutseconds":4,"state":"up","lastChecked":1611744711695},"outcome":{"error":false,"responseCode":301},"state":false,"alert":1611744771494}
{"check":{"id":"uwm5ui4f0tyh3ien3ktv","userphone":"12345678900","protocol":"https","url":"google.com","method":"get","successcodes":[200,201,301,302],"timeoutseconds":4,"state":"up","lastChecked":1611744771494},"outcome":{"error":false,"responseCode":301},"state":false,"alert":1611744830880}
{"check":{"id":"uwm5ui4f0tyh3ien3ktv","userphone":"12345678900","protocol":"https","url":"google.com","method":"get","successcodes":[200,201,301,302],"timeoutseconds":4,"state":"up","lastChecked":1611744830880},"outcome":{"error":false,"responseCode":301},"state":false,"alert":1611744890985}
{"check":{"id":"uwm5ui4f0tyh3ien3ktv","userphone":"12345678900","protocol":"https","url":"google.com","method":"get","successcodes":[200,201,301,302],"timeoutseconds":4,"state":"up","lastChecked":1611744890985},"outcome":{"error":false,"responseCode":301},"state":false,"alert":1611744950890}
{"check":{"id":"uwm5ui4f0tyh3ien3ktv","userphone":"12345678900","protocol":"https","url":"google.com","method":"get","successcodes":[200,201,301,302],"timeoutseconds":4,"state":"up","lastChecked":1611744950890},"outcome":{"error":false,"responseCode":301},"state":false,"alert":1611745010888}
{"check":{"id":"uwm5ui4f0tyh3ien3ktv","userphone":"12345678900","protocol":"https","url":"google.com","method":"get","successcodes":[200,201,301,302],"timeoutseconds":4,"state":"up","lastChecked":1611745010888},"outcome":{"error":false,"responseCode":301},"state":false,"alert":1611745071306}
{"check":{"id":"uwm5ui4f0tyh3ien3ktv","userphone":"12345678900","protocol":"https","url":"google.com","method":"get","successcodes":[200,201,301,302],"timeoutseconds":4,"state":"up","lastChecked":1611745071306},"outcome":{"error":false,"responseCode":301},"state":false,"alert":1611745130927}
{"check":{"id":"uwm5ui4f0tyh3ien3ktv","userphone":"12345678900","protocol":"https","url":"google.com","method":"get","successcodes":[200,201,301,302],"timeoutseconds":4,"state":"up","lastChecked":1611745130927},"outcome":{"error":false,"responseCode":301},"state":false,"alert":1611745191011}
{"check":{"id":"uwm5ui4f0tyh3ien3ktv","userphone":"12345678900","protocol":"https","url":"google.com","method":"get","successcodes":[200,201,301,302],"timeoutseconds":4,"state":"up","lastChecked":1611745191011},"outcome":{"error":false,"responseCode":301},"state":false,"alert":1611745251131}
{"check":{"id":"uwm5ui4f0tyh3ien3ktv","userphone":"12345678900","protocol":"https","url":"google.com","method":"get","successcodes":[200,201,301,302],"timeoutseconds":4,"state":"up","lastChecked":1611745251131},"outcome":{"error":false,"responseCode":301},"state":false,"alert":1611745311149}
{"check":{"id":"uwm5ui4f0tyh3ien3ktv","userphone":"12345678900","protocol":"https","url":"google.com","method":"get","successcodes":[200,201,301,302],"timeoutseconds":4,"state":"up","lastChecked":1611745311149},"outcome":{"error":false,"responseCode":301},"state":false,"alert":1611745371457}
{"check":{"id":"uwm5ui4f0tyh3ien3ktv","userphone":"12345678900","protocol":"https","url":"google.com","method":"get","successcodes":[200,201,301,302],"timeoutseconds":4,"state":"up","lastChecked":1611745371457},"outcome":{"error":false,"responseCode":301},"state":false,"alert":1611745431251}
{"check":{"id":"uwm5ui4f0tyh3ien3ktv","userphone":"12345678900","protocol":"https","url":"google.com","method":"get","successcodes":[200,201,301,302],"timeoutseconds":4,"state":"up","lastChecked":1611745431251},"outcome":{"error":false,"responseCode":301},"state":false,"alert":1611745491572}
{"check":{"id":"uwm5ui4f0tyh3ien3ktv","userphone":"12345678900","protocol":"https","url":"google.com","method":"get","successcodes":[200,201,301,302],"timeoutseconds":4,"state":"up","lastChecked":1611745491572},"outcome":{"error":false,"responseCode":301},"state":false,"alert":1611745551375}
{"check":{"id":"uwm5ui4f0tyh3ien3ktv","userphone":"12345678900","protocol":"https","url":"google.com","method":"get","successcodes":[200,201,301,302],"timeoutseconds":4,"state":"up","lastChecked":1611745551375},"outcome":{"error":false,"responseCode":301},"state":false,"alert":1611745611586}
{"check":{"id":"uwm5ui4f0tyh3ien3ktv","userphone":"12345678900","protocol":"https","url":"google.com","method":"get","successcodes":[200,201,301,302],"timeoutseconds":4,"state":"up","lastChecked":1611745611586},"outcome":{"error":false,"responseCode":301},"state":false,"alert":1611745671489}
{"check":{"id":"uwm5ui4f0tyh3ien3ktv","userphone":"12345678900","protocol":"https","url":"google.com","method":"get","successcodes":[200,201,301,302],"timeoutseconds":4,"state":"up","lastChecked":1611745671489},"outcome":{"error":false,"responseCode":301},"state":false,"alert":1611745732009}
{"check":{"id":"uwm5ui4f0tyh3ien3ktv","userphone":"12345678900","protocol":"https","url":"google.com","method":"get","successcodes":[200,201,301,302],"timeoutseconds":4,"state":"up","lastChecked":1611745732009},"outcome":{"error":false,"responseCode":301},"state":false,"alert":1611745791603}
{"check":{"id":"uwm5ui4f0tyh3ien3ktv","userphone":"12345678900","protocol":"https","url":"google.com","method":"get","successcodes":[200,201,301,302],"timeoutseconds":4,"state":"up","lastChecked":1611745791603},"outcome":{"error":false,"responseCode":301},"state":false,"alert":1611745851710}
{"check":{"id":"uwm5ui4f0tyh3ien3ktv","userphone":"12345678900","protocol":"https","url":"google.com","method":"get","successcodes":[200,201,301,302],"timeoutseconds":4,"state":"up","lastChecked":1611745851710},"outcome":{"error":false,"responseCode":301},"state":false,"alert":1611745911566}
{"check":{"id":"uwm5ui4f0tyh3ien3ktv","userphone":"12345678900","protocol":"https","url":"google.com","method":"get","successcodes":[200,201,301,302],"timeoutseconds":4,"state":"up","lastChecked":1611745911566},"outcome":{"error":false,"responseCode":301},"state":false,"alert":1611745975066}
{"check":{"id":"uwm5ui4f0tyh3ien3ktv","userphone":"12345678900","protocol":"https","url":"google.com","method":"get","successcodes":[200,201,301,302],"timeoutseconds":4,"state":"up","lastChecked":1611745975066},"outcome":{"error":false,"responseCode":301},"state":false,"alert":1611746034799}
{"check":{"id":"uwm5ui4f0tyh3ien3ktv","userphone":"12345678900","protocol":"https","url":"google.com","method":"get","successcodes":[200,201,301,302],"timeoutseconds":4,"state":"up","lastChecked":1611746034799},"outcome":{"error":{"error":true,"value":"timeout"},"responseCode":false},"state":true,"alert":1611746095487}
{"check":{"id":"uwm5ui4f0tyh3ien3ktv","userphone":"12345678900","protocol":"https","url":"google.com","method":"get","successcodes":[200,201,301,302],"timeoutseconds":4,"state":"down","lastChecked":1611746095487},"outcome":{"error":{"error":true,"value":"timeout"},"responseCode":301},"state":false,"alert":1611746098793}
{"check":{"id":"uwm5ui4f0tyh3ien3ktv","userphone":"12345678900","protocol":"https","url":"google.com","method":"get","successcodes":[200,201,301,302],"timeoutseconds":4,"state":"down","lastChecked":1611746098793},"outcome":{"error":false,"responseCode":301},"state":true,"alert":1611746157156}
{"check":{"id":"uwm5ui4f0tyh3ien3ktv","userphone":"12345678900","protocol":"https","url":"google.com","method":"get","successcodes":[200,201,301,302],"timeoutseconds":4,"state":"up","lastChecked":1611746157156},"outcome":{"error":{"error":true,"value":"timeout"},"responseCode":false},"state":true,"alert":1611746215939}
{"check":{"id":"uwm5ui4f0tyh3ien3ktv","userphone":"12345678900","protocol":"https","url":"google.com","method":"get","successcodes":[200,201,301,302],"timeoutseconds":4,"state":"down","lastChecked":1611746215939},"outcome":{"error":{"error":true,"value":"timeout"},"responseCode":301},"state":false,"alert":1611746225250}
{"check":{"id":"uwm5ui4f0tyh3ien3ktv","userphone":"12345678900","protocol":"https","url":"google.com","method":"get","successcodes":[200,201,301,302],"timeoutseconds":4,"state":"down","lastChecked":1611746225250},"outcome":{"error":false,"responseCode":301},"state":true,"alert":1611746277210}
{"check":{"id":"uwm5ui4f0tyh3ien3ktv","userphone":"12345678900","protocol":"https","url":"google.com","method":"get","successcodes":[200,201,301,302],"timeoutseconds":4,"state":"up","lastChecked":1611746277210},"outcome":{"error":false,"responseCode":301},"state":false,"alert":1611746331946}
{"check":{"id":"uwm5ui4f0tyh3ien3ktv","userphone":"12345678900","protocol":"https","url":"google.com","method":"get","successcodes":[200,201,301,302],"timeoutseconds":4,"state":"up","lastChecked":1611746331946},"outcome":{"error":false,"responseCode":301},"state":false,"alert":1611746396738}
{"check":{"id":"uwm5ui4f0tyh3ien3ktv","userphone":"12345678900","protocol":"https","url":"google.com","method":"get","successcodes":[200,201,301,302],"timeoutseconds":4,"state":"up","lastChecked":1611746396738},"outcome":{"error":false,"responseCode":301},"state":false,"alert":1611746456898}
{"check":{"id":"uwm5ui4f0tyh3ien3ktv","userphone":"12345678900","protocol":"https","url":"google.com","method":"get","successcodes":[200,201,301,302],"timeoutseconds":4,"state":"up","lastChecked":1611746456898},"outcome":{"error":false,"responseCode":301},"state":false,"alert":1611746516215}
{"check":{"id":"uwm5ui4f0tyh3ien3ktv","userphone":"12345678900","protocol":"https","url":"google.com","method":"get","successcodes":[200,201,301,302],"timeoutseconds":4,"state":"up","lastChecked":1611746516215},"outcome":{"error":false,"responseCode":301},"state":false,"alert":1611746572175}
{"check":{"id":"uwm5ui4f0tyh3ien3ktv","userphone":"12345678900","protocol":"https","url":"google.com","method":"get","successcodes":[200,201,301,302],"timeoutseconds":4,"state":"up","lastChecked":1611746572175},"outcome":{"error":false,"responseCode":301},"state":false,"alert":1611746634616}
{"check":{"id":"uwm5ui4f0tyh3ien3ktv","userphone":"12345678900","protocol":"https","url":"google.com","method":"get","successcodes":[200,201,301,302],"timeoutseconds":4,"state":"up","lastChecked":1611746634616},"outcome":{"error":false,"responseCode":301},"state":false,"alert":1611746692942}
{"check":{"id":"uwm5ui4f0tyh3ien3ktv","userphone":"12345678900","protocol":"https","url":"google.com","method":"get","successcodes":[200,201,301,302],"timeoutseconds":4,"state":"up","lastChecked":1611746692942},"outcome":{"error":false,"responseCode":301},"state":false,"alert":1611746752678}
{"check":{"id":"uwm5ui4f0tyh3ien3ktv","userphone":"12345678900","protocol":"https","url":"google.com","method":"get","successcodes":[200,201,301,302],"timeoutseconds":4,"state":"up","lastChecked":1611746752678},"outcome":{"error":false,"responseCode":301},"state":false,"alert":1611746816281}
{"check":{"id":"uwm5ui4f0tyh3ien3ktv","userphone":"12345678900","protocol":"https","url":"google.com","method":"get","successcodes":[200,201,301,302],"timeoutseconds":4,"state":"up","lastChecked":1611746816281},"outcome":{"error":false,"responseCode":301},"state":false,"alert":1611746876315}
{"check":{"id":"uwm5ui4f0tyh3ien3ktv","userphone":"12345678900","protocol":"https","url":"google.com","method":"get","successcodes":[200,201,301,302],"timeoutseconds":4,"state":"up","lastChecked":1611746876315},"outcome":{"error":false,"responseCode":301},"state":false,"alert":1611746937545}
{"check":{"id":"uwm5ui4f0tyh3ien3ktv","userphone":"12345678900","protocol":"https","url":"google.com","method":"get","successcodes":[200,201,301,302],"timeoutseconds":4,"state":"up","lastChecked":1611746937545},"outcome":{"error":false,"responseCode":301},"state":false,"alert":1611746992476}
{"check":{"id":"uwm5ui4f0tyh3ien3ktv","userphone":"12345678900","protocol":"https","url":"google.com","method":"get","successcodes":[200,201,301,302],"timeoutseconds":4,"state":"up","lastChecked":1611746992476},"outcome":{"error":false,"responseCode":301},"state":false,"alert":1611747052483}
{"check":{"id":"uwm5ui4f0tyh3ien3ktv","userphone":"12345678900","protocol":"https","url":"google.com","method":"get","successcodes":[200,201,301,302],"timeoutseconds":4,"state":"up","lastChecked":1611747052483},"outcome":{"error":false,"responseCode":301},"state":false,"alert":1611747112662}
{"check":{"id":"uwm5ui4f0tyh3ien3ktv","userphone":"12345678900","protocol":"https","url":"google.com","method":"get","successcodes":[200,201,301,302],"timeoutseconds":4,"state":"up","lastChecked":1611747112662},"outcome":{"error":false,"responseCode":301},"state":false,"alert":1611747172588}
{"check":{"id":"uwm5ui4f0tyh3ien3ktv","userphone":"12345678900","protocol":"https","url":"google.com","method":"get","successcodes":[200,201,301,302],"timeoutseconds":4,"state":"up","lastChecked":1611747172588},"outcome":{"error":false,"responseCode":301},"state":false,"alert":1611747232945}
{"check":{"id":"uwm5ui4f0tyh3ien3ktv","userphone":"12345678900","protocol":"https","url":"google.com","method":"get","successcodes":[200,201,301,302],"timeoutseconds":4,"state":"up","lastChecked":1611747232945},"outcome":{"error":false,"responseCode":301},"state":false,"alert":1611747293235}
{"check":{"id":"uwm5ui4f0tyh3ien3ktv","userphone":"12345678900","protocol":"https","url":"google.com","method":"get","successcodes":[200,201,301,302],"timeoutseconds":4,"state":"up","lastChecked":1611747293235},"outcome":{"error":false,"responseCode":301},"state":false,"alert":1611747352936}
{"check":{"id":"uwm5ui4f0tyh3ien3ktv","userphone":"12345678900","protocol":"https","url":"google.com","method":"get","successcodes":[200,201,301,302],"timeoutseconds":4,"state":"up","lastChecked":1611747352936},"outcome":{"error":false,"responseCode":301},"state":false,"alert":1611747412784}
{"check":{"id":"uwm5ui4f0tyh3ien3ktv","userphone":"12345678900","protocol":"https","url":"google.com","method":"get","successcodes":[200,201,301,302],"timeoutseconds":4,"state":"up","lastChecked":1611747412784},"outcome":{"error":false,"responseCode":301},"state":false,"alert":1611747472862}
{"check":{"id":"uwm5ui4f0tyh3ien3ktv","userphone":"12345678900","protocol":"https","url":"google.com","method":"get","successcodes":[200,201,301,302],"timeoutseconds":4,"state":"up","lastChecked":1611747472862},"outcome":{"error":false,"responseCode":301},"state":false,"alert":1611747532917}
{"check":{"id":"uwm5ui4f0tyh3ien3ktv","userphone":"12345678900","protocol":"https","url":"google.com","method":"get","successcodes":[200,201,301,302],"timeoutseconds":4,"state":"up","lastChecked":1611747532917},"outcome":{"error":false,"responseCode":301},"state":false,"alert":1611747592980}
{"check":{"id":"uwm5ui4f0tyh3ien3ktv","userphone":"12345678900","protocol":"https","url":"google.com","method":"get","successcodes":[200,201,301,302],"timeoutseconds":4,"state":"up","lastChecked":1611747592980},"outcome":{"error":false,"responseCode":301},"state":false,"alert":1611747653157}
{"check":{"id":"uwm5ui4f0tyh3ien3ktv","userphone":"12345678900","protocol":"https","url":"google.com","method":"get","successcodes":[200,201,301,302],"timeoutseconds":4,"state":"up","lastChecked":1611747653157},"outcome":{"error":false,"responseCode":301},"state":false,"alert":1611747713044}
{"check":{"id":"uwm5ui4f0tyh3ien3ktv","userphone":"12345678900","protocol":"https","url":"google.com","method":"get","successcodes":[200,201,301,302],"timeoutseconds":4,"state":"up","lastChecked":1611747713044},"outcome":{"error":false,"responseCode":301},"state":false,"alert":1611747773508}
{"check":{"id":"uwm5ui4f0tyh3ien3ktv","userphone":"12345678900","protocol":"https","url":"google.com","method":"get","successcodes":[200,201,301,302],"timeoutseconds":4,"state":"up","lastChecked":1611747773508},"outcome":{"error":false,"responseCode":301},"state":false,"alert":1611747833200}
{"check":{"id":"uwm5ui4f0tyh3ien3ktv","userphone":"12345678900","protocol":"https","url":"google.com","method":"get","successcodes":[200,201,301,302],"timeoutseconds":4,"state":"up","lastChecked":1611747833200},"outcome":{"error":false,"responseCode":301},"state":false,"alert":1611747893398}
{"check":{"id":"uwm5ui4f0tyh3ien3ktv","userphone":"12345678900","protocol":"https","url":"google.com","method":"get","successcodes":[200,201,301,302],"timeoutseconds":4,"state":"up","lastChecked":1611747893398},"outcome":{"error":false,"responseCode":301},"state":false,"alert":1611747953433}
{"check":{"id":"uwm5ui4f0tyh3ien3ktv","userphone":"12345678900","protocol":"https","url":"google.com","method":"get","successcodes":[200,201,301,302],"timeoutseconds":4,"state":"up","lastChecked":1611747953433},"outcome":{"error":false,"responseCode":301},"state":false,"alert":1611748013324}
{"check":{"id":"uwm5ui4f0tyh3ien3ktv","userphone":"12345678900","protocol":"https","url":"google.com","method":"get","successcodes":[200,201,301,302],"timeoutseconds":4,"state":"up","lastChecked":1611748013324},"outcome":{"error":false,"responseCode":301},"state":false,"alert":1611748073378}
{"check":{"id":"uwm5ui4f0tyh3ien3ktv","userphone":"12345678900","protocol":"https","url":"google.com","method":"get","successcodes":[200,201,301,302],"timeoutseconds":4,"state":"up","lastChecked":1611748073378},"outcome":{"error":false,"responseCode":301},"state":false,"alert":1611748133524}
{"check":{"id":"uwm5ui4f0tyh3ien3ktv","userphone":"12345678900","protocol":"https","url":"google.com","method":"get","successcodes":[200,201,301,302],"timeoutseconds":4,"state":"up","lastChecked":1611748133524},"outcome":{"error":false,"responseCode":301},"state":false,"alert":1611748193504}
{"check":{"id":"uwm5ui4f0tyh3ien3ktv","userphone":"12345678900","protocol":"https","url":"google.com","method":"get","successcodes":[200,201,301,302],"timeoutseconds":4,"state":"up","lastChecked":1611748193504},"outcome":{"error":false,"responseCode":301},"state":false,"alert":1611748254276}
{"check":{"id":"uwm5ui4f0tyh3ien3ktv","userphone":"12345678900","protocol":"https","url":"google.com","method":"get","successcodes":[200,201,301,302],"timeoutseconds":4,"state":"up","lastChecked":1611748254276},"outcome":{"error":false,"responseCode":301},"state":false,"alert":1611748313700}
{"check":{"id":"uwm5ui4f0tyh3ien3ktv","userphone":"12345678900","protocol":"https","url":"google.com","method":"get","successcodes":[200,201,301,302],"timeoutseconds":4,"state":"up","lastChecked":1611748313700},"outcome":{"error":false,"responseCode":301},"state":false,"alert":1611748373663}
{"check":{"id":"uwm5ui4f0tyh3ien3ktv","userphone":"12345678900","protocol":"https","url":"google.com","method":"get","successcodes":[200,201,301,302],"timeoutseconds":4,"state":"up","lastChecked":1611748373663},"outcome":{"error":false,"responseCode":301},"state":false,"alert":1611748433764}
{"check":{"id":"uwm5ui4f0tyh3ien3ktv","userphone":"12345678900","protocol":"https","url":"google.com","method":"get","successcodes":[200,201,301,302],"timeoutseconds":4,"state":"up","lastChecked":1611748433764},"outcome":{"error":false,"responseCode":301},"state":false,"alert":1611748493766}
{"check":{"id":"uwm5ui4f0tyh3ien3ktv","userphone":"12345678900","protocol":"https","url":"google.com","method":"get","successcodes":[200,201,301,302],"timeoutseconds":4,"state":"up","lastChecked":1611748493766},"outcome":{"error":false,"responseCode":301},"state":false,"alert":1611748553879}
{"check":{"id":"uwm5ui4f0tyh3ien3ktv","userphone":"12345678900","protocol":"https","url":"google.com","method":"get","successcodes":[200,201,301,302],"timeoutseconds":4,"state":"up","lastChecked":1611748553879},"outcome":{"error":false,"responseCode":301},"state":false,"alert":1611748613881}
{"check":{"id":"uwm5ui4f0tyh3ien3ktv","userphone":"12345678900","protocol":"https","url":"google.com","method":"get","successcodes":[200,201,301,302],"timeoutseconds":4,"state":"up","lastChecked":1611748613881},"outcome":{"error":false,"responseCode":301},"state":false,"alert":1611748673993}
{"check":{"id":"uwm5ui4f0tyh3ien3ktv","userphone":"12345678900","protocol":"https","url":"google.com","method":"get","successcodes":[200,201,301,302],"timeoutseconds":4,"state":"up","lastChecked":1611748673993},"outcome":{"error":false,"responseCode":301},"state":false,"alert":1611748733980}
{"check":{"id":"uwm5ui4f0tyh3ien3ktv","userphone":"12345678900","protocol":"https","url":"google.com","method":"get","successcodes":[200,201,301,302],"timeoutseconds":4,"state":"up","lastChecked":1611748733980},"outcome":{"error":false,"responseCode":301},"state":false,"alert":1611748794210}
{"check":{"id":"uwm5ui4f0tyh3ien3ktv","userphone":"12345678900","protocol":"https","url":"google.com","method":"get","successcodes":[200,201,301,302],"timeoutseconds":4,"state":"up","lastChecked":1611748794210},"outcome":{"error":false,"responseCode":301},"state":false,"alert":1611748854099}
{"check":{"id":"uwm5ui4f0tyh3ien3ktv","userphone":"12345678900","protocol":"https","url":"google.com","method":"get","successcodes":[200,201,301,302],"timeoutseconds":4,"state":"up","lastChecked":1611748854099},"outcome":{"error":false,"responseCode":301},"state":false,"alert":1611748914154}
{"check":{"id":"uwm5ui4f0tyh3ien3ktv","userphone":"12345678900","protocol":"https","url":"google.com","method":"get","successcodes":[200,201,301,302],"timeoutseconds":4,"state":"up","lastChecked":1611748914154},"outcome":{"error":false,"responseCode":301},"state":false,"alert":1611748974250}
{"check":{"id":"uwm5ui4f0tyh3ien3ktv","userphone":"12345678900","protocol":"https","url":"google.com","method":"get","successcodes":[200,201,301,302],"timeoutseconds":4,"state":"up","lastChecked":1611748974250},"outcome":{"error":false,"responseCode":301},"state":false,"alert":1611749034263}
{"check":{"id":"uwm5ui4f0tyh3ien3ktv","userphone":"12345678900","protocol":"https","url":"google.com","method":"get","successcodes":[200,201,301,302],"timeoutseconds":4,"state":"up","lastChecked":1611749034263},"outcome":{"error":false,"responseCode":301},"state":false,"alert":1611749094357}
{"check":{"id":"uwm5ui4f0tyh3ien3ktv","userphone":"12345678900","protocol":"https","url":"google.com","method":"get","successcodes":[200,201,301,302],"timeoutseconds":4,"state":"up","lastChecked":1611749094357},"outcome":{"error":false,"responseCode":301},"state":false,"alert":1611749154421}
{"check":{"id":"uwm5ui4f0tyh3ien3ktv","userphone":"12345678900","protocol":"https","url":"google.com","method":"get","successcodes":[200,201,301,302],"timeoutseconds":4,"state":"up","lastChecked":1611749154421},"outcome":{"error":false,"responseCode":301},"state":false,"alert":1611749214604}
{"check":{"id":"uwm5ui4f0tyh3ien3ktv","userphone":"12345678900","protocol":"https","url":"google.com","method":"get","successcodes":[200,201,301,302],"timeoutseconds":4,"state":"up","lastChecked":1611749214604},"outcome":{"error":false,"responseCode":301},"state":false,"alert":1611749275293}
{"check":{"id":"uwm5ui4f0tyh3ien3ktv","userphone":"12345678900","protocol":"https","url":"google.com","method":"get","successcodes":[200,201,301,302],"timeoutseconds":4,"state":"up","lastChecked":1611749275293},"outcome":{"error":false,"responseCode":301},"state":false,"alert":1611749334538}
{"check":{"id":"uwm5ui4f0tyh3ien3ktv","userphone":"12345678900","protocol":"https","url":"google.com","method":"get","successcodes":[200,201,301,302],"timeoutseconds":4,"state":"up","lastChecked":1611749334538},"outcome":{"error":false,"responseCode":301},"state":false,"alert":1611749394664}
{"check":{"id":"uwm5ui4f0tyh3ien3ktv","userphone":"12345678900","protocol":"https","url":"google.com","method":"get","successcodes":[200,201,301,302],"timeoutseconds":4,"state":"up","lastChecked":1611749394664},"outcome":{"error":false,"responseCode":301},"state":false,"alert":1611749454653}
{"check":{"id":"uwm5ui4f0tyh3ien3ktv","userphone":"12345678900","protocol":"https","url":"google.com","method":"get","successcodes":[200,201,301,302],"timeoutseconds":4,"state":"up","lastChecked":1611749454653},"outcome":{"error":false,"responseCode":301},"state":false,"alert":1611749514797}
{"check":{"id":"uwm5ui4f0tyh3ien3ktv","userphone":"12345678900","protocol":"https","url":"google.com","method":"get","successcodes":[200,201,301,302],"timeoutseconds":4,"state":"up","lastChecked":1611749514797},"outcome":{"error":false,"responseCode":301},"state":false,"alert":1611749575135}
{"check":{"id":"uwm5ui4f0tyh3ien3ktv","userphone":"12345678900","protocol":"https","url":"google.com","method":"get","successcodes":[200,201,301,302],"timeoutseconds":4,"state":"up","lastChecked":1611749575135},"outcome":{"error":false,"responseCode":301},"state":false,"alert":1611749634938}
{"check":{"id":"uwm5ui4f0tyh3ien3ktv","userphone":"12345678900","protocol":"https","url":"google.com","method":"get","successcodes":[200,201,301,302],"timeoutseconds":4,"state":"up","lastChecked":1611749634938},"outcome":{"error":false,"responseCode":301},"state":false,"alert":1611749695044}
{"check":{"id":"uwm5ui4f0tyh3ien3ktv","userphone":"12345678900","protocol":"https","url":"google.com","method":"get","successcodes":[200,201,301,302],"timeoutseconds":4,"state":"up","lastChecked":1611749695044},"outcome":{"error":false,"responseCode":301},"state":false,"alert":1611749755085}
{"check":{"id":"uwm5ui4f0tyh3ien3ktv","userphone":"12345678900","protocol":"https","url":"google.com","method":"get","successcodes":[200,201,301,302],"timeoutseconds":4,"state":"up","lastChecked":1611749755085},"outcome":{"error":false,"responseCode":301},"state":false,"alert":1611749815024}
{"check":{"id":"uwm5ui4f0tyh3ien3ktv","userphone":"12345678900","protocol":"https","url":"google.com","method":"get","successcodes":[200,201,301,302],"timeoutseconds":4,"state":"up","lastChecked":1611749815024},"outcome":{"error":false,"responseCode":301},"state":false,"alert":1611749875080}
{"check":{"id":"uwm5ui4f0tyh3ien3ktv","userphone":"12345678900","protocol":"https","url":"google.com","method":"get","successcodes":[200,201,301,302],"timeoutseconds":4,"state":"up","lastChecked":1611749875080},"outcome":{"error":false,"responseCode":301},"state":false,"alert":1611749935101}
{"check":{"id":"uwm5ui4f0tyh3ien3ktv","userphone":"12345678900","protocol":"https","url":"google.com","method":"get","successcodes":[200,201,301,302],"timeoutseconds":4,"state":"up","lastChecked":1611749935101},"outcome":{"error":false,"responseCode":301},"state":false,"alert":1611749995157}
{"check":{"id":"uwm5ui4f0tyh3ien3ktv","userphone":"12345678900","protocol":"https","url":"google.com","method":"get","successcodes":[200,201,301,302],"timeoutseconds":4,"state":"up","lastChecked":1611749995157},"outcome":{"error":false,"responseCode":301},"state":false,"alert":1611750055404}
{"check":{"id":"uwm5ui4f0tyh3ien3ktv","userphone":"12345678900","protocol":"https","url":"google.com","method":"get","successcodes":[200,201,301,302],"timeoutseconds":4,"state":"up","lastChecked":1611750055404},"outcome":{"error":false,"responseCode":301},"state":false,"alert":1611750115315}
